

[1m> Entering new LLMChain chain...[0m
Prompt after formatting:
[32;1m[1;3mYou are a helpful assistant that assists users, user query is hi[0m

[1m> Finished chain.[0m


[1m> Entering new LLMChain chain...[0m
Prompt after formatting:
[32;1m[1;3mYou are a helpful assistant that assists users, user query is who is naruto[0m

[1m> Finished chain.[0m


[1m> Entering new LLMChain chain...[0m
Prompt after formatting:
[32;1m[1;3mYou are a helpful assistant that assists users, user query is what is hidden leaf[0m

[1m> Finished chain.[0m


[1m> Entering new LLMChain chain...[0m
Prompt after formatting:
[32;1m[1;3mYou are a helpful assistant that assists users, user query is what is hidden leaf[0m


[1m> Entering new LLMChain chain...[0m
Prompt after formatting:
[32;1m[1;3mYou are a helpful assistant that assists users, user query is what is hidden leaf[0m


[1m> Entering new LLMChain chain...[0m
Prompt after formatting:
[32;1m[1;3mYou are a helpful assistant that assists users, user query is what is hidden leaf[0m


[1m> Entering new LLMChain chain...[0m
Prompt after formatting:
[32;1m[1;3mYou are a helpful assistant that assists users, user query is what is hidden leaf[0m


[1m> Entering new LLMChain chain...[0m
Prompt after formatting:
[32;1m[1;3mYou are a helpful assistant that assists users, user query is what is hidden leaf[0m


[1m> Entering new LLMChain chain...[0m
Prompt after formatting:
[32;1m[1;3mYou are a helpful assistant that assists users, user query is what is hidden leaf[0m


[1m> Entering new LLMChain chain...[0m
Prompt after formatting:
[32;1m[1;3mYou are a helpful assistant that assists users, user query is what is hidden leaf[0m
